1
0
1
ASSEMBLY
1
PART-1-1
PART-1
1
PART-1-1
14
-2147483646
0
48 1 16 5 0 1 0 -1 -1 2598 1 -1879048189 1 2598 
99
388 1 16 90 0 1 0 -1 -1 2598 1 -1073741821 1 2720 -1 -1 -1 -9713 -19329 -245249 -2046821001 129857700 1916800841 16710996 1141506112 -2741 -1 -1 -1 -1 -1 -1 -1 -1 -1 -1 -1 -1 -1 -1 -1 -1 -1 -1 -1 -1 -1 -1 -1 -1 -1 -1 -1 -1 -1 -1 -1 -1 -1 -1 -1 -1 -1 -1 -1 -1 -1 -1 -1 -1 -1 -1 -1 -1 -1 -1 -1 -1 -1 -1 -1 -1 -1 -1 -1 -1 -1 -1 -1 -1 -1 -1 -1 -1 -1 -1 -1 -1 4194303 
0
1
PART-1-1
14
-2147483646
0
48 1 16 5 0 1 0 -1 -1 1638 1 -1879048189 1 1638 
14
48 1 16 5 0 1 0 -1 -1 1638 1 -1879048189 1 1638 
0
1
SET-102
0
1
0
1
PART-1-1
14
-2147483647
48 1 16 5 0 1 0 -1 -1 1638 1 -1879048189 1 1638 
0
1
PART-1-1
4
MICRO-1_GRAIN_1
0
1
188
981 982 983 984 985 986 987 988 989 990 991 992 993 994 995 996 997 998 999 1000 1001 1002 1003 1004 1005 1006 1007 1008 1009 1010 1011 1012 1013 1014 1015 1016 1017 1018 1019 1020 1021 1022 1023 1024 1025 1026 1027 1028 1029 1030 1031 1032 1033 1034 1035 1036 1037 1038 1039 1040 1041 1042 1043 1044 1045 1046 1047 1048 1049 1050 1051 1052 1053 1054 1055 1056 1057 1058 1059 1060 1061 1062 1063 1064 1065 1066 1067 1068 1069 1070 1071 1072 1073 1074 1075 1076 1077 1078 1079 1080 1081 1082 1083 1084 1085 1086 1087 1088 1089 1090 1091 1092 1093 1094 1095 1096 1097 1098 1099 1100 1101 1102 1103 1104 1105 1106 1107 1108 1109 1110 1111 1112 1113 1114 1115 1116 1117 1118 1119 1120 1121 1122 1123 1124 1125 1126 1127 1128 1129 1130 1131 1132 1133 1134 1135 1136 1137 1138 1139 1140 1141 1142 1143 1144 1145 1146 1147 1148 1149 1150 1151 1152 1153 1154 1155 1156 1157 1158 1159 1160 1161 1162 1163 1164 1165 1166 1167 1168 
0
0
MICRO-1_GRAIN_2
0
1
14
-2147483647
48 1 16 5 0 1 0 -1 -1 398 1 -1879048189 1241 398 
0
0
MICRO-1_GRAIN_3
0
1
14
-2147483647
48 1 16 5 0 1 0 -1 -1 980 1 -1879048189 1 980 
0
0
MICRO-1_GRAIN_4
0
1
72
1169 1170 1171 1172 1173 1174 1175 1176 1177 1178 1179 1180 1181 1182 1183 1184 1185 1186 1187 1188 1189 1190 1191 1192 1193 1194 1195 1196 1197 1198 1199 1200 1201 1202 1203 1204 1205 1206 1207 1208 1209 1210 1211 1212 1213 1214 1215 1216 1217 1218 1219 1220 1221 1222 1223 1224 1225 1226 1227 1228 1229 1230 1231 1232 1233 1234 1235 1236 1237 1238 1239 1240 
0
0
0
6
FIXED_X
0
1
0
1
PART-1-1
81
33 44 50 63 68 75 81 83 89 92 98 103 105 113 118 126 131 133 136 147 155 158 160 162 168 560 564 565 705 714 716 1021 1023 1025 1028 1029 1086 1088 1140 1201 1212 1282 1350 1351 1358 1384 1419 1420 1421 1518 1522 1523 1538 1546 1565 1576 1590 1598 1627 1629 1636 1675 1687 1688 1711 1712 1718 1723 1725 1726 1731 1742 1743 1747 1765 1766 1768 1774 1790 1791 1814 
0
FIXED_Y
0
1
0
1
PART-1-1
107
1 3 5 6 9 10 12 15 16 18 19 31 34 37 38 41 74 76 77 78 79 97 99 100 101 125 127 128 129 154 156 157 394 419 631 735 789 795 805 814 953 1009 1015 1038 1156 1216 1242 1278 1315 1353 1393 1427 1428 1475 1476 1489 1507 1524 1525 1526 1557 1563 1566 1567 1568 1571 1572 1573 1584 1585 1586 1587 1633 1634 1668 1673 1674 1710 1721 1744 1750 1752 1758 1759 1760 1763 1764 1767 1769 1786 1787 1817 2075 2079 2090 2091 2097 2099 2102 2103 2122 2124 2133 2134 2136 2138 2139 
0
FIXED_Z
0
1
0
1
PART-1-1
107
32 35 36 39 40 43 45 46 47 48 51 52 53 54 57 59 62 64 65 69 70 195 196 197 199 200 201 202 204 205 206 207 607 608 609 858 860 862 887 966 982 983 986 987 1061 1206 1287 1406 1409 1412 1462 1465 1503 1504 1560 1561 1716 1717 1753 1755 1777 1792 1796 1797 1799 1801 1804 1805 1806 1808 1813 1815 1816 1818 1819 2155 2191 2318 2346 2348 2349 2382 2383 2394 2397 2398 2457 2460 2461 2462 2501 2517 2529 2553 2561 2562 2566 2575 2576 2579 2585 2587 2591 2592 2595 2597 2598 
0
LOAD_X
0
1
0
1
PART-1-1
124
21 22 25 42 49 61 80 82 88 102 104 111 112 117 130 132 135 145 146 159 161 167 198 203 208 213 214 215 220 221 228 233 234 240 242 245 246 483 484 485 494 553 651 655 776 946 954 994 1096 1099 1386 1388 1407 1424 1505 1506 1511 1513 1514 1529 1659 1660 1665 1692 1694 1695 1698 1705 1732 1734 1737 1739 1746 1756 1757 1778 1779 1781 1782 1783 1789 1904 1906 1969 2010 2011 2012 2020 2024 2028 2044 2051 2062 2063 2065 2127 2129 2217 2244 2270 2459 2478 2488 2491 2520 2521 2523 2524 2535 2541 2542 2543 2544 2554 2556 2560 2563 2565 2568 2580 2581 2582 2593 2594 
0
SET-102
0
1
0
1
PART-1-1
14
-2147483647
48 1 16 5 0 1 0 -1 -1 2598 1 -1879048189 1 2598 
0
TEMP
0
1
0
1
PART-1-1
109
26 27 28 29 30 173 174 175 176 177 178 179 180 181 182 183 184 185 186 187 188 189 190 191 192 193 194 250 251 252 253 254 255 430 509 622 623 624 1066 1068 1069 1112 1113 1114 1121 1123 1124 1147 1149 1221 1292 1293 1303 1345 1346 1347 1447 1496 1498 1499 1544 1580 1581 1593 1594 1595 1597 1600 1601 1603 1604 1609 1610 1615 1616 1618 1619 1621 1622 1623 1624 1626 1630 1656 1720 1741 1802 1932 1939 1941 1950 1954 1960 1962 1963 1964 1972 1985 2015 2034 2035 2036 2043 2048 2109 2131 2132 2143 2145 
0
0
0
0
