1
0
1
ASSEMBLY
1
PART-1-1
PART-1
1
PART-1-1
14
-2147483646
0
48 1 16 5 0 1 0 -1 -1 10580 1 -1879048189 1 10580 
14
48 1 16 5 0 1 0 -1 -1 10580 1 -1879048189 1 10580 
0
1
PART-1-1
14
-2147483646
0
48 1 16 5 0 1 0 -1 -1 7005 1 -1879048189 1 7005 
14
48 1 16 5 0 1 0 -1 -1 7005 1 -1879048189 1 7005 
0
6
SET-1
0
1
0
1
PART-1-1
200
362 660 723 767 843 1095 1096 1459 1635 1640 1643 1650 1666 1672 1711 1719 1720 1743 1762 1763 1795 1839 1840 1855 1920 1971 2054 2347 2389 2400 2403 2420 2442 2470 2490 2578 2581 2597 2628 2629 3183 3456 3579 3590 3592 3634 3637 3651 3709 3731 3758 3763 3767 3775 4011 4025 4067 4069 4084 4085 4116 4165 4196 4203 4210 4212 4222 4227 4236 4241 4246 4250 4254 4259 4260 4261 4264 4273 4283 4288 4309 4318 4342 4352 4357 4374 4376 4379 4380 4397 4408 4416 4424 4436 4437 4443 4452 4453 4486 4492 4495 4508 4511 4521 4524 4530 4534 4547 4551 4553 4560 4566 4573 4577 4579 4583 4586 4587 4591 4592 4597 4604 4609 4612 4618 4621 4625 4627 4628 4656 4657 4659 4668 4674 4676 4681 4687 4696 4700 4712 4758 4762 4765 4766 4806 4839 4969 5020 5088 5092 5117 5125 5129 5140 5141 5161 5185 5190 5232 5239 5240 5282 5286 5288 5291 5321 5324 5338 5356 5382 5392 5403 5405 5416 5495 5497 5534 5636 5638 5758 5818 5821 5847 5849 6001 6224 6227 6229 6230 6231 6233 6273 6277 6286 6301 6380 6521 6857 6966 6970 
0
SET-102
0
1
0
1
PART-1-1
14
-2147483647
48 1 16 5 0 1 0 -1 -1 7005 1 -1879048189 1 7005 
0
SET-2
0
1
0
1
PART-1-1
200
84 192 354 491 531 584 1383 1437 1486 1636 1646 1648 1649 2004 2067 2127 2140 2153 2171 2175 2199 2222 2227 2229 2318 2322 2327 2569 2671 2716 2721 2758 2768 2785 2847 2870 2888 2894 2897 2901 2923 2931 2944 2948 2997 3002 3005 3020 3031 3039 3052 3057 3065 3069 3090 3093 3102 3122 3126 3136 3137 3145 3146 3151 3156 3162 3164 3172 3185 3188 3189 3196 3199 3200 3207 3214 3215 3216 3219 3220 3221 3222 3227 3240 3247 3255 3260 3261 3274 3275 3284 3286 3288 3293 3300 3301 3303 3306 3307 3310 3326 3327 3332 3334 3337 3343 3348 3351 3359 3364 3374 3379 3388 3396 3405 3408 3413 3419 3422 3425 3439 3444 3448 3451 3453 3464 3476 3477 3478 3486 3488 3504 3517 3689 3853 3866 3887 3907 3928 3941 3966 3989 4021 4036 4063 4072 4083 4093 4104 4235 4248 4315 4323 4393 4431 4540 4719 4721 4723 4728 4742 4847 4879 4889 4895 4913 4951 4958 4967 4981 5029 5034 5050 5060 5065 5067 5074 5091 5318 5320 5445 5692 5761 5763 5767 5807 5895 5898 5899 6141 6208 6209 6443 6455 6457 6492 6672 6679 6881 6899 
0
_SURF-1_S1
0
1
0
1
PART-1-1
1
2597 
0
_SURF-1_S3
0
1
0
1
PART-1-1
194
362 660 723 767 843 1095 1096 1459 1635 1640 1643 1650 1666 1672 1711 1719 1720 1743 1762 1763 1795 1839 1840 1855 1920 1971 2054 2347 2389 2400 2403 2420 2442 2470 2490 2578 2581 2628 2629 3183 3456 3579 3590 3592 3634 3651 3709 3731 3758 3763 3767 3775 4011 4025 4067 4069 4084 4085 4116 4165 4196 4203 4210 4212 4222 4227 4236 4241 4246 4250 4254 4259 4260 4261 4264 4273 4283 4288 4309 4318 4342 4352 4357 4374 4376 4379 4380 4397 4408 4416 4424 4436 4437 4443 4452 4453 4486 4492 4495 4508 4511 4521 4524 4530 4547 4551 4553 4560 4566 4573 4577 4579 4586 4587 4591 4592 4597 4604 4609 4612 4618 4621 4625 4627 4628 4656 4657 4659 4668 4674 4676 4681 4687 4696 4700 4712 4758 4762 4765 4766 4806 4839 4969 5020 5088 5092 5117 5125 5129 5140 5141 5185 5190 5232 5239 5240 5286 5288 5291 5321 5324 5338 5356 5382 5392 5403 5405 5416 5495 5497 5534 5636 5638 5758 5818 5821 5847 5849 6001 6224 6227 6229 6230 6231 6233 6273 6277 6286 6301 6380 6521 6857 6966 6970 
0
_SURF-1_S4
0
1
0
1
PART-1-1
5
3637 4534 4583 5161 5282 
0
1
PART-1-1
5
SET-1
0
1
14
-2147483647
48 1 16 5 0 1 0 -1 -1 7005 1 -1879048189 1 7005 
0
0
SET-2
0
1
200
84 192 354 491 531 584 1383 1437 1486 1636 1646 1648 1649 2004 2067 2127 2140 2153 2171 2175 2199 2222 2227 2229 2318 2322 2327 2569 2671 2716 2721 2758 2768 2785 2847 2870 2888 2894 2897 2901 2923 2931 2944 2948 2997 3002 3005 3020 3031 3039 3052 3057 3065 3069 3090 3093 3102 3122 3126 3136 3137 3145 3146 3151 3156 3162 3164 3172 3185 3188 3189 3196 3199 3200 3207 3214 3215 3216 3219 3220 3221 3222 3227 3240 3247 3255 3260 3261 3274 3275 3284 3286 3288 3293 3300 3301 3303 3306 3307 3310 3326 3327 3332 3334 3337 3343 3348 3351 3359 3364 3374 3379 3388 3396 3405 3408 3413 3419 3422 3425 3439 3444 3448 3451 3453 3464 3476 3477 3478 3486 3488 3504 3517 3689 3853 3866 3887 3907 3928 3941 3966 3989 4021 4036 4063 4072 4083 4093 4104 4235 4248 4315 4323 4393 4431 4540 4719 4721 4723 4728 4742 4847 4879 4889 4895 4913 4951 4958 4967 4981 5029 5034 5050 5060 5065 5067 5074 5091 5318 5320 5445 5692 5761 5763 5767 5807 5895 5898 5899 6141 6208 6209 6443 6455 6457 6492 6672 6679 6881 6899 
0
0
_SURF-1_S1
0
1
1
2597 
0
0
_SURF-1_S3
0
1
194
362 660 723 767 843 1095 1096 1459 1635 1640 1643 1650 1666 1672 1711 1719 1720 1743 1762 1763 1795 1839 1840 1855 1920 1971 2054 2347 2389 2400 2403 2420 2442 2470 2490 2578 2581 2628 2629 3183 3456 3579 3590 3592 3634 3651 3709 3731 3758 3763 3767 3775 4011 4025 4067 4069 4084 4085 4116 4165 4196 4203 4210 4212 4222 4227 4236 4241 4246 4250 4254 4259 4260 4261 4264 4273 4283 4288 4309 4318 4342 4352 4357 4374 4376 4379 4380 4397 4408 4416 4424 4436 4437 4443 4452 4453 4486 4492 4495 4508 4511 4521 4524 4530 4547 4551 4553 4560 4566 4573 4577 4579 4586 4587 4591 4592 4597 4604 4609 4612 4618 4621 4625 4627 4628 4656 4657 4659 4668 4674 4676 4681 4687 4696 4700 4712 4758 4762 4765 4766 4806 4839 4969 5020 5088 5092 5117 5125 5129 5140 5141 5185 5190 5232 5239 5240 5286 5288 5291 5321 5324 5338 5356 5382 5392 5403 5405 5416 5495 5497 5534 5636 5638 5758 5818 5821 5847 5849 6001 6224 6227 6229 6230 6231 6233 6273 6277 6286 6301 6380 6521 6857 6966 6970 
0
0
_SURF-1_S4
0
1
5
3637 4534 4583 5161 5282 
0
0
0
4
HSURFACE
0
1
0
1
PART-1-1
192
-2147483647
760 1 16 183 0 1 0 -1 -1 441 14 -1073741808 -268435435 -1073741791 -1073741787 -1073741784 -1073741772 -1073741761 -1073741758 -1073741753 -1073741727 -1073741723 -1073741677 -1073741674 -1073741654 3 96 -16777189 -268435455 8388607 259 128 2 1472 -1048576 -1 -1 31 262144 0 0 21 2115 64 -2147483648 10 2595 32 -1476395008 2787 320 4 0 0 327680 0 0 11010048 0 4096 704643072 4643 288 2097152 0 0 1792 0 3145728 0 0 22020096 5091 32 33554432 5251 96 294912 -1428946944 2 6275 768 -2080358400 2 0 0 -1073741824 1376512 0 0 0 688128 176160768 25165824 0 5522432 5505024 0 205845 0 8192 0 67108864 -2038415358 6657 1 7427 64 16777216 2752 7651 1408 11010048 64 0 -1476362240 134160 0 -2139093120 5 134217728 -2147483648 10 16777537 573952 83935904 1050659 -1610219520 2 1208221696 24736 129 1409499136 786688 177209360 9216 1441840 105187840 713031685 1079410688 1839297537 -2147483568 1376649218 28643333 623378624 1073891970 1347223605 18879522 134258768 153223184 18918400 201397504 12306 1744830464 1079279637 524288 9251 32 512 9443 576 268435456 1073758240 524288 268435456 0 100666368 80 33554432 0 0 0 1048576 0 0 33554432 0 0 16 10243 352 1024 0 0 0 1074823168 -2147483648 8405250 0 2 4096 2049 
0
SET-1
0
1
0
1
PART-1-1
197
-2147483647
780 1 16 188 0 1 0 -1 -1 441 16 -268435438 -268435426 -1073741788 -268435413 -1073741775 -1073741768 -1073741760 -1073741749 -1073741746 -1073741723 -1073741716 -1073741713 -1073741692 -268435319 -1073741681 -1073741670 1 128 2 416 130963 2093056 -33554432 1046531 -16777216 -1 -1 511 1697 32 2 224 8 524288 2241 160 1 0 0 0 524288 2625 32 2 640 176160768 688128 3425 160 11010048 0 0 0 88 3713 192 48 0 0 16777216 0 524288 4257 288 43680 32768 0 0 0 16 0 8 4 4833 32 -1476395008 5249 672 53248 5416 672 88080384 336 524290 2097152 239077376 688128 8192 176160776 8192 -1387265536 0 2048 8732672 16384 2 0 1440 43008 6049 160 -2147483648 6 33554432 0 1048576 6401 32 22020096 7009 608 2228224 0 393216 4554752 176160768 0 1376260 268435458 0 672 352 64 1048576 0 0 20483 770 64 59904 7937 96 8192 0 16384 8481 32 2 448 14680064 -1610612736 9089 288 64 88085762 1064960 1342207488 1073775617 0 1280 -1341915136 2688 9569 1024 -2138963968 98307 17655808 3458 256 133120 1443040256 1208052225 22261924 3145808 543162625 1076887552 201328672 273694848 8454992 486765588 -2077219228 1661044912 1557138659 12599313 135266816 4 8 16 0 0 0 16777216 1077938176 8945665 262146 524472 
0
SET-102
0
1
0
1
PART-1-1
14
-2147483647
48 1 16 5 0 1 0 -1 -1 10580 1 -1879048189 1 10580 
0
SET-2
0
1
0
1
PART-1-1
192
-2147483647
760 1 16 183 0 1 0 -1 -1 441 14 -1073741808 -268435435 -1073741791 -1073741787 -1073741784 -1073741772 -1073741761 -1073741758 -1073741753 -1073741727 -1073741723 -1073741677 -1073741674 -1073741654 3 96 -16777189 -268435455 8388607 259 128 2 1472 -1048576 -1 -1 31 262144 0 0 21 2115 64 -2147483648 10 2595 32 -1476395008 2787 320 4 0 0 327680 0 0 11010048 0 4096 704643072 4643 288 2097152 0 0 1792 0 3145728 0 0 22020096 5091 32 33554432 5251 96 294912 -1428946944 2 6275 768 -2080358400 2 0 0 -1073741824 1376512 0 0 0 688128 176160768 25165824 0 5522432 5505024 0 205845 0 8192 0 67108864 -2038415358 6657 1 7427 64 16777216 2752 7651 1408 11010048 64 0 -1476362240 134160 0 -2139093120 5 134217728 -2147483648 10 16777537 573952 83935904 1050659 -1610219520 2 1208221696 24736 129 1409499136 786688 177209360 9216 1441840 105187840 713031685 1079410688 1839297537 -2147483568 1376649218 28643333 623378624 1073891970 1347223605 18879522 134258768 153223184 18918400 201397504 12306 1744830464 1079279637 524288 9251 32 512 9443 576 268435456 1073758240 524288 268435456 0 100666368 80 33554432 0 0 0 1048576 0 0 33554432 0 0 16 10243 352 1024 0 0 0 1074823168 -2147483648 8405250 0 2 4096 2049 
0
1
PART-1-1
2
SET-1
0
1
14
-2147483647
48 1 16 5 0 1 0 -1 -1 10580 1 -1879048189 1 10580 
0
0
SET-2
0
1
192
-2147483647
760 1 16 183 0 1 0 -1 -1 441 14 -1073741808 -268435435 -1073741791 -1073741787 -1073741784 -1073741772 -1073741761 -1073741758 -1073741753 -1073741727 -1073741723 -1073741677 -1073741674 -1073741654 3 96 -16777189 -268435455 8388607 259 128 2 1472 -1048576 -1 -1 31 262144 0 0 21 2115 64 -2147483648 10 2595 32 -1476395008 2787 320 4 0 0 327680 0 0 11010048 0 4096 704643072 4643 288 2097152 0 0 1792 0 3145728 0 0 22020096 5091 32 33554432 5251 96 294912 -1428946944 2 6275 768 -2080358400 2 0 0 -1073741824 1376512 0 0 0 688128 176160768 25165824 0 5522432 5505024 0 205845 0 8192 0 67108864 -2038415358 6657 1 7427 64 16777216 2752 7651 1408 11010048 64 0 -1476362240 134160 0 -2139093120 5 134217728 -2147483648 10 16777537 573952 83935904 1050659 -1610219520 2 1208221696 24736 129 1409499136 786688 177209360 9216 1441840 105187840 713031685 1079410688 1839297537 -2147483568 1376649218 28643333 623378624 1073891970 1347223605 18879522 134258768 153223184 18918400 201397504 12306 1744830464 1079279637 524288 9251 32 512 9443 576 268435456 1073758240 524288 268435456 0 100666368 80 33554432 0 0 0 1048576 0 0 33554432 0 0 16 10243 352 1024 0 0 0 1074823168 -2147483648 8405250 0 2 4096 2049 
0
0
0
1
PART-1-1
1
SURF-1
0
0
3
S3
194
362 660 723 767 843 1095 1096 1459 1635 1640 1643 1650 1666 1672 1711 1719 1720 1743 1762 1763 1795 1839 1840 1855 1920 1971 2054 2347 2389 2400 2403 2420 2442 2470 2490 2578 2581 2628 2629 3183 3456 3579 3590 3592 3634 3651 3709 3731 3758 3763 3767 3775 4011 4025 4067 4069 4084 4085 4116 4165 4196 4203 4210 4212 4222 4227 4236 4241 4246 4250 4254 4259 4260 4261 4264 4273 4283 4288 4309 4318 4342 4352 4357 4374 4376 4379 4380 4397 4408 4416 4424 4436 4437 4443 4452 4453 4486 4492 4495 4508 4511 4521 4524 4530 4547 4551 4553 4560 4566 4573 4577 4579 4586 4587 4591 4592 4597 4604 4609 4612 4618 4621 4625 4627 4628 4656 4657 4659 4668 4674 4676 4681 4687 4696 4700 4712 4758 4762 4765 4766 4806 4839 4969 5020 5088 5092 5117 5125 5129 5140 5141 5185 5190 5232 5239 5240 5286 5288 5291 5321 5324 5338 5356 5382 5392 5403 5405 5416 5495 5497 5534 5636 5638 5758 5818 5821 5847 5849 6001 6224 6227 6229 6230 6231 6233 6273 6277 6286 6301 6380 6521 6857 6966 6970 
S1
1
2597 
S4
5
3637 4534 4583 5161 5282 
1
SURF-1
0
0
0
1
PART-1-1
0
0
3
S3
194
362 660 723 767 843 1095 1096 1459 1635 1640 1643 1650 1666 1672 1711 1719 1720 1743 1762 1763 1795 1839 1840 1855 1920 1971 2054 2347 2389 2400 2403 2420 2442 2470 2490 2578 2581 2628 2629 3183 3456 3579 3590 3592 3634 3651 3709 3731 3758 3763 3767 3775 4011 4025 4067 4069 4084 4085 4116 4165 4196 4203 4210 4212 4222 4227 4236 4241 4246 4250 4254 4259 4260 4261 4264 4273 4283 4288 4309 4318 4342 4352 4357 4374 4376 4379 4380 4397 4408 4416 4424 4436 4437 4443 4452 4453 4486 4492 4495 4508 4511 4521 4524 4530 4547 4551 4553 4560 4566 4573 4577 4579 4586 4587 4591 4592 4597 4604 4609 4612 4618 4621 4625 4627 4628 4656 4657 4659 4668 4674 4676 4681 4687 4696 4700 4712 4758 4762 4765 4766 4806 4839 4969 5020 5088 5092 5117 5125 5129 5140 5141 5185 5190 5232 5239 5240 5286 5288 5291 5321 5324 5338 5356 5382 5392 5403 5405 5416 5495 5497 5534 5636 5638 5758 5818 5821 5847 5849 6001 6224 6227 6229 6230 6231 6233 6273 6277 6286 6301 6380 6521 6857 6966 6970 
S1
1
2597 
S4
5
3637 4534 4583 5161 5282 
