1
0
1
ASSEMBLY
1
PART-1-1
PART-1
1
PART-1-1
14
-2147483646
0
48 1 16 5 0 1 0 -1 -1 1681 1 -1879048189 1 1681 
14
48 1 16 5 0 1 0 -1 -1 1681 1 -1879048189 1 1681 
0
1
PART-1-1
14
-2147483646
0
48 1 16 5 0 1 0 -1 -1 8142 1 -1879048189 1 8142 
14
48 1 16 5 0 1 0 -1 -1 8142 1 -1879048189 1 8142 
0
0
1
PART-1-1
13
DISPX
0
1
200
2314 2327 2346 2382 2439 2491 2501 2527 2581 2587 2650 2652 2664 2665 2728 2740 2760 2800 2832 2841 2860 2874 2893 2894 2902 2903 2904 2906 2907 2910 2914 2917 2923 2927 2928 2932 2935 2940 2943 2949 2961 2968 2990 3020 3028 3029 3048 3057 3059 3060 5131 5148 5172 5175 5182 5247 5316 5361 5464 5465 5476 5482 5487 5510 5554 5607 5609 5621 5623 5693 5716 5737 5752 5790 5826 5880 5881 5890 5895 5896 5898 5903 5905 5907 5920 5924 5928 5934 5937 5977 5986 5992 5997 6004 6007 6034 6050 6051 6052 6058 6273 6298 6303 6321 6420 6423 6437 6450 6456 6458 6462 6465 6466 6612 6632 6633 6635 6666 6691 6711 6742 6750 6794 6796 6797 6801 6805 6809 6810 6814 6815 6817 6820 6832 6850 6862 6891 6920 6927 6936 6951 6955 6992 6998 7000 7010 7096 7098 7107 7108 7146 7156 7222 7225 7235 7260 7303 7440 7444 7522 7542 7556 7583 7640 7714 7718 7725 7732 7744 7750 7751 7757 7804 7808 7810 7854 7865 7870 7882 7895 7907 7921 7923 7933 7942 7952 7959 7964 7984 7993 7995 7996 7998 8009 8014 8046 8048 8050 8076 8107 
0
0
FIXEDX
0
1
200
42 51 61 64 225 312 345 438 441 584 612 613 615 620 622 665 693 707 811 818 820 841 842 845 849 850 854 855 858 860 865 867 868 869 874 876 877 880 883 888 889 891 903 916 917 957 980 981 983 991 1230 1296 1344 1443 1451 1561 1591 1592 1620 1703 1704 1717 1726 1731 1753 1765 1825 1856 1863 1867 1875 1877 1883 1886 1887 1888 1892 1897 1898 1900 1902 1906 1908 1912 1916 1919 1920 1947 1952 1971 1975 1976 1977 1987 1995 2000 2007 2032 2042 2044 3101 3215 3307 3313 3328 3392 3429 3479 3480 3503 3512 3520 3523 3556 3585 3599 3615 3627 3673 3674 3737 3745 3753 3787 3833 3842 3860 3894 3895 3900 3902 3907 3909 3914 3915 3919 3923 3926 3928 3929 3937 3941 3957 3968 3976 3986 3987 4028 4030 4055 4081 4139 4202 4272 4276 4302 4403 4454 4552 4563 4564 4571 4623 4645 4646 4655 4701 4715 4727 4737 4751 4760 4824 4867 4870 4876 4896 4903 4905 4906 4913 4916 4917 4924 4925 4930 4933 4935 4939 4942 4945 4948 4994 5008 5010 5012 5015 5018 5021 5057 
0
0
FIXEDY
0
1
200
3147 3162 3169 3184 3269 3276 3335 3382 3466 3468 3484 3525 3558 3590 3594 3618 3690 3698 3727 3728 3765 3768 3771 3782 3784 3786 3793 3794 3795 3798 3805 3827 3845 3848 3850 3859 3863 3866 3901 3903 3904 3908 3921 3922 3952 3954 3959 3961 4006 4037 4075 4136 4324 4334 4346 4349 4382 4423 4424 4567 4575 4577 4579 4580 4602 4606 4692 4711 4735 4762 4763 4765 4771 4772 4774 4776 4784 4786 4793 4795 4803 4804 4813 4842 4843 4848 4852 4907 4914 4946 4954 4962 4963 4972 4973 4979 4989 5001 5027 5029 5091 5127 5129 5130 5180 5200 5220 5226 5242 5342 5376 5380 5385 5406 5460 5463 5506 5545 5578 5639 5649 5739 5744 5747 5753 5754 5756 5758 5759 5765 5769 5773 5778 5783 5784 5809 5823 5829 5840 5865 5869 5887 5893 5936 5944 5945 5946 5948 5964 5979 7168 7239 7309 7382 7443 7521 7543 7560 7598 7619 7663 7696 7717 7729 7740 7777 7778 7821 7848 7876 7894 7896 7915 7931 7947 7966 7977 7979 7982 7990 7991 7999 8001 8004 8011 8021 8023 8025 8029 8030 8034 8038 8041 8047 8055 8065 8069 8086 8108 8123 
0
0
FIXEDZ
0
1
200
1188 1191 1262 1278 1308 1355 1356 1382 1387 1432 1506 1512 1513 1535 1553 1656 1688 1700 1723 1725 1728 1735 1748 1755 1791 1792 1817 1827 1828 1830 1833 1836 1837 1841 1844 1848 1850 1853 1854 1864 1868 1871 1878 1893 1896 1905 1923 1934 1958 2019 4112 4203 4231 4428 4484 4612 4634 4638 4643 4666 4667 4691 4700 4724 4726 4736 4788 4789 4808 4809 4828 4832 4835 4908 4910 4921 4944 4958 4965 4966 4968 4969 4970 4975 4976 4977 4984 4985 4996 4999 5019 5023 5024 5025 5033 5034 5035 5042 5050 5058 6087 6088 6213 6252 6315 6348 6352 6389 6428 6555 6649 6658 6662 6667 6687 6707 6710 6741 6772 6779 6781 6798 6821 6835 6836 6872 6877 6878 6879 6882 6885 6888 6889 6894 6902 6903 6908 6911 6912 6913 6948 6958 6959 6971 6990 7059 7074 7090 7102 7106 7133 7182 7246 7389 7408 7469 7523 7575 7578 7581 7639 7649 7651 7657 7665 7710 7719 7723 7845 7868 7871 7874 7903 7904 7939 7951 7986 8018 8020 8033 8035 8036 8037 8045 8049 8053 8054 8057 8068 8080 8081 8083 8084 8089 8093 8102 8114 8117 8122 8124 
0
0
MAT1_GRN1
0
1
14
-2147483647
48 1 16 5 0 1 0 -1 -1 1025 1 -1879048189 2045 1025 
0
0
MAT1_GRN2
0
1
14
-2147483647
48 1 16 5 0 1 0 -1 -1 1049 1 -1879048189 6061 1049 
0
0
MAT1_GRN3
0
1
14
-2147483647
48 1 16 5 0 1 0 -1 -1 1027 1 -1879048189 1018 1027 
0
0
MAT1_GRN4
0
1
14
-2147483647
48 1 16 5 0 1 0 -1 -1 1017 1 -1879048189 1 1017 
0
0
MAT1_GRN5
0
1
14
-2147483647
48 1 16 5 0 1 0 -1 -1 999 1 -1879048189 5062 999 
0
0
MAT1_GRN6
0
1
14
-2147483647
48 1 16 5 0 1 0 -1 -1 1033 1 -1879048189 7110 1033 
0
0
MAT1_GRN7
0
1
14
-2147483647
48 1 16 5 0 1 0 -1 -1 996 1 -1879048189 4066 996 
0
0
MAT1_GRN8
0
1
14
-2147483647
48 1 16 5 0 1 0 -1 -1 996 1 -1879048189 3070 996 
0
0
SET-1
0
1
14
-2147483647
48 1 16 5 0 1 0 -1 -1 8142 1 -1879048189 1 8142 
0
0
0
0
1
PART-1-1
16
DISPX
0
1
121
13 14 15 16 23 24 25 26 27 116 117 118 119 120 121 122 123 128 129 130 131 132 133 134 135 196 197 198 199 200 201 202 203 204 205 206 207 212 213 214 215 224 225 226 227 228 229 230 231 232 233 234 235 240 241 242 243 452 453 454 455 456 457 458 459 460 461 462 463 464 465 466 467 660 661 662 663 664 665 666 667 668 669 670 671 672 673 674 675 756 757 758 759 760 761 762 763 764 765 766 767 768 769 770 771 804 805 806 807 808 809 810 811 812 813 814 815 816 817 818 819 
0
0
FIXEDCORNER
0
1
1
22 
0
0
FIXEDX
0
1
121
1 4 6 7 10 11 17 19 22 40 41 42 43 52 53 54 55 56 57 58 59 60 61 62 63 80 81 82 83 88 89 90 91 92 93 94 95 140 141 142 143 152 153 154 155 156 157 158 159 180 181 182 183 184 185 186 187 276 277 278 279 280 281 282 283 284 285 286 287 288 289 290 291 356 357 358 359 360 361 362 363 364 365 366 367 368 369 370 371 516 517 518 519 520 521 522 523 524 525 526 527 528 529 530 531 596 597 598 599 600 601 602 603 604 605 606 607 608 609 610 611 
0
0
FIXEDY
0
1
121
17 18 19 20 21 22 23 24 27 144 145 146 147 152 153 154 155 160 161 162 163 168 169 170 171 176 177 178 179 184 185 186 187 188 189 190 191 192 193 194 195 200 201 202 203 208 209 210 211 236 237 238 239 240 241 242 243 564 565 566 567 568 569 570 571 572 573 574 575 576 577 578 579 628 629 630 631 632 633 634 635 636 637 638 639 640 641 642 643 692 693 694 695 696 697 698 699 700 701 702 703 704 705 706 707 788 789 790 791 792 793 794 795 796 797 798 799 800 801 802 803 
0
0
FIXEDY-NODE
0
1
1
19 
0
0
FIXEDZ
0
1
121
9 10 11 12 21 22 25 26 27 84 85 86 87 92 93 94 95 96 97 98 99 100 101 102 103 172 173 174 175 176 177 178 179 180 181 182 183 216 217 218 219 220 221 222 223 224 225 226 227 232 233 234 235 236 237 238 239 372 373 374 375 376 377 378 379 380 381 382 383 384 385 386 387 580 581 582 583 584 585 586 587 588 589 590 591 592 593 594 595 724 725 726 727 728 729 730 731 732 733 734 735 736 737 738 739 772 773 774 775 776 777 778 779 780 781 782 783 784 785 786 787 
0
0
FIXEDZ-NODE
0
1
1
11 
0
0
MAT1_GRN1
0
1
36
-2147483647
136 1 16 27 0 1 0 -1 -1 261 3 -1073741819 -1073741812 -1073741803 2 160 -1073711029 -1073726461 963 -1024 1023 290 224 -262144 3 0 0 -4 -1 262143 1026 128 -2048 -1 -1 16777215 
0
0
MAT1_GRN2
0
1
41
-2147483647
156 1 16 32 0 1 0 -1 -1 265 3 -1073741819 -268435441 -1073741799 2 256 25179329 -1073741824 15363 1069794300 0 0 -262144 63 386 96 2 320 262140 -262144 3 -4 -1 3 1442 160 -131072 -1 -1 -1 3 
0
0
MAT1_GRN3
0
1
33
-2147483647
124 1 16 24 0 1 0 -1 -1 261 2 -1073741820 -268435446 1 128 2013269955 -134217728 -1921 2047 289 160 2 608 524280 -524288 -1 -1 7 -2147483648 -1 -1 -1 4095 
0
0
MAT1_GRN4
0
1
23
-2147483647
84 1 16 14 0 1 0 -1 -1 260 4 -1879048186 -1879048184 -1879048182 -1879048180 1 8 28 48 244 96 820 108 
0
0
MAT1_GRN5
0
1
256
2 3 13 14 18 20 23 24 32 33 34 35 108 109 110 111 112 113 114 115 116 117 118 119 148 149 150 151 164 165 166 167 168 169 170 171 192 193 194 195 196 197 198 199 200 201 202 203 204 205 206 207 208 209 210 211 420 421 422 423 424 425 426 427 428 429 430 431 432 433 434 435 548 549 550 551 552 553 554 555 556 557 558 559 560 561 562 563 644 645 646 647 648 649 650 651 652 653 654 655 656 657 658 659 660 661 662 663 664 665 666 667 668 669 670 671 672 673 674 675 676 677 678 679 680 681 682 683 684 685 686 687 688 689 690 691 692 693 694 695 696 697 698 699 700 701 702 703 704 705 706 707 1355 1356 1357 1358 1359 1360 1361 1362 1363 1364 1365 1366 1367 1368 1369 1370 1371 1372 1373 1374 1375 1376 1377 1378 1379 1380 1381 1382 1383 1384 1385 1386 1387 1388 1389 1390 1391 1392 1393 1394 1395 1396 1397 1398 1399 1400 1401 1402 1403 1404 1405 1406 1407 1408 1409 1410 1411 1412 1413 1414 1415 1416 1417 1418 1419 1420 1421 1422 1423 1424 1425 1426 1427 1428 1429 1430 1431 1432 1433 1434 1435 1436 1437 1438 1439 1440 1441 1442 1443 1444 1445 1446 1447 1448 1449 1450 1451 1452 1453 1454 1455 1456 1457 1458 
0
0
MAT1_GRN6
0
1
39
-2147483647
148 1 16 30 0 1 0 -1 -1 262 3 -1073741819 -1073741809 -1073741800 2 256 55120001 0 15360 245760 3932160 1006648320 1006894080 262140 610 224 262140 0 262140 0 262140 -4 262143 1570 128 -4 -1 -1 65535 
0
0
MAT1_GRN7
0
1
256
1 2 9 10 17 18 21 22 28 29 30 31 76 77 78 79 80 81 82 83 84 85 86 87 140 141 142 143 144 145 146 147 148 149 150 151 172 173 174 175 176 177 178 179 180 181 182 183 184 185 186 187 188 189 190 191 340 341 342 343 344 345 346 347 348 349 350 351 352 353 354 355 500 501 502 503 504 505 506 507 508 509 510 511 512 513 514 515 580 581 582 583 584 585 586 587 588 589 590 591 592 593 594 595 596 597 598 599 600 601 602 603 604 605 606 607 608 609 610 611 612 613 614 615 616 617 618 619 620 621 622 623 624 625 626 627 628 629 630 631 632 633 634 635 636 637 638 639 640 641 642 643 1251 1252 1253 1254 1255 1256 1257 1258 1259 1260 1261 1262 1263 1264 1265 1266 1267 1268 1269 1270 1271 1272 1273 1274 1275 1276 1277 1278 1279 1280 1281 1282 1283 1284 1285 1286 1287 1288 1289 1290 1291 1292 1293 1294 1295 1296 1297 1298 1299 1300 1301 1302 1303 1304 1305 1306 1307 1308 1309 1310 1311 1312 1313 1314 1315 1316 1317 1318 1319 1320 1321 1322 1323 1324 1325 1326 1327 1328 1329 1330 1331 1332 1333 1334 1335 1336 1337 1338 1339 1340 1341 1342 1343 1344 1345 1346 1347 1348 1349 1350 1351 1352 1353 1354 
0
0
MAT1_GRN8
0
1
31
-2147483647
116 1 16 22 0 1 0 -1 -1 257 6 -1342177272 -1879048180 -1879048178 -1879048176 -1879048174 -1879048172 1 4 2 16 28 16 140 32 244 16 500 80 1146 105 
0
0
SET-1
0
1
14
-2147483647
48 1 16 5 0 1 0 -1 -1 1681 1 -1879048189 1 1681 
0
0
0
0
0
