1
0
1
ASSEMBLY
1
PART-1-1
PART-1
1
PART-1-1
10
1 1
2 2
3 3
4 4
5 5
6 6
7 7
8 8
9 9
10 10
-2147483647
0
1
PART-1-1
1
1 1
-2147483647
0
3
DISPZ
0
1
0
1
PART-1-1
1
1 
0
FIXEDZ
0
1
0
1
PART-1-1
1
1 
0
SET-102
0
1
0
1
PART-1-1
1
1 
0
1
PART-1-1
2
MAT1_GRN1
0
1
1
1 
0
0
SET-1
0
1
1
1 
0
0
0
3
DISPZ
0
1
0
1
PART-1-1
1
2 
0
FIXEDZ
0
1
0
1
PART-1-1
6
1 3 4 7 8 10 
0
SET-102
0
1
0
1
PART-1-1
10
1 2 3 4 5 6 7 8 9 10 
0
1
PART-1-1
2
MAT1_GRN1
0
1
10
1 2 3 4 5 6 7 8 9 10 
0
0
SET-1
0
1
10
1 2 3 4 5 6 7 8 9 10 
0
0
0
0
0
