0
1
0
Assembly-1
1
PART-1-1
PART-1
1
PART-1-1
99
-2147483647
0
388 1 16 90 0 1 0 -1 -1 2598 1 -1073741821 1 2720 -1 -1 -1 -9713 -19329 -245249 -2046821001 129857700 1916800841 16710996 1141506112 -2741 -1 -1 -1 -1 -1 -1 -1 -1 -1 -1 -1 -1 -1 -1 -1 -1 -1 -1 -1 -1 -1 -1 -1 -1 -1 -1 -1 -1 -1 -1 -1 -1 -1 -1 -1 -1 -1 -1 -1 -1 -1 -1 -1 -1 -1 -1 -1 -1 -1 -1 -1 -1 -1 -1 -1 -1 -1 -1 -1 -1 -1 -1 -1 -1 -1 -1 -1 -1 -1 -1 -1 -1 4194303 
0
1
PART-1-1
14
-2147483647
0
48 1 16 5 0 1 0 -1 -1 1638 1 -1879048189 1 1638 
0
0
1
PART-1-1
4
MICRO-1_GRAIN_1
0
1
188
981 982 983 984 985 986 987 988 989 990 991 992 993 994 995 996 997 998 999 1000 1001 1002 1003 1004 1005 1006 1007 1008 1009 1010 1011 1012 1013 1014 1015 1016 1017 1018 1019 1020 1021 1022 1023 1024 1025 1026 1027 1028 1029 1030 1031 1032 1033 1034 1035 1036 1037 1038 1039 1040 1041 1042 1043 1044 1045 1046 1047 1048 1049 1050 1051 1052 1053 1054 1055 1056 1057 1058 1059 1060 1061 1062 1063 1064 1065 1066 1067 1068 1069 1070 1071 1072 1073 1074 1075 1076 1077 1078 1079 1080 1081 1082 1083 1084 1085 1086 1087 1088 1089 1090 1091 1092 1093 1094 1095 1096 1097 1098 1099 1100 1101 1102 1103 1104 1105 1106 1107 1108 1109 1110 1111 1112 1113 1114 1115 1116 1117 1118 1119 1120 1121 1122 1123 1124 1125 1126 1127 1128 1129 1130 1131 1132 1133 1134 1135 1136 1137 1138 1139 1140 1141 1142 1143 1144 1145 1146 1147 1148 1149 1150 1151 1152 1153 1154 1155 1156 1157 1158 1159 1160 1161 1162 1163 1164 1165 1166 1167 1168 
0
0
MICRO-1_GRAIN_2
0
1
14
-2147483647
48 1 16 5 0 1 0 -1 -1 398 1 -1879048189 1241 398 
0
0
MICRO-1_GRAIN_3
0
1
14
-2147483647
48 1 16 5 0 1 0 -1 -1 980 1 -1879048189 1 980 
0
0
MICRO-1_GRAIN_4
0
1
72
1169 1170 1171 1172 1173 1174 1175 1176 1177 1178 1179 1180 1181 1182 1183 1184 1185 1186 1187 1188 1189 1190 1191 1192 1193 1194 1195 1196 1197 1198 1199 1200 1201 1202 1203 1204 1205 1206 1207 1208 1209 1210 1211 1212 1213 1214 1215 1216 1217 1218 1219 1220 1221 1222 1223 1224 1225 1226 1227 1228 1229 1230 1231 1232 1233 1234 1235 1236 1237 1238 1239 1240 
0
0
0
0
1
PART-1-1
4
FIXED_X
0
1
81
33 44 50 63 68 75 81 83 89 92 98 109 112 120 125 133 142 145 148 159 167 175 180 182 188 672 676 677 817 826 828 1133 1135 1137 1140 1141 1198 1200 1252 1313 1324 1394 1462 1463 1470 1496 1531 1532 1533 1630 1634 1635 1650 1658 1677 1688 1702 1710 1739 1741 1748 1787 1799 1800 1823 1824 1830 1835 1837 1838 1843 1854 1855 1859 1877 1878 1880 1886 1902 1903 1926 
0
0
FIXED_Y
0
1
107
1 3 5 6 9 10 12 15 16 18 19 31 34 37 38 41 74 76 77 78 79 97 99 100 106 132 134 135 139 166 168 169 506 531 743 847 901 907 917 926 1065 1121 1127 1150 1268 1328 1354 1390 1427 1465 1505 1539 1540 1587 1588 1601 1619 1636 1637 1638 1669 1675 1678 1679 1680 1683 1684 1685 1696 1697 1698 1699 1745 1746 1780 1785 1786 1822 1833 1856 1862 1864 1870 1871 1872 1875 1876 1879 1881 1898 1899 1929 2187 2191 2202 2203 2209 2211 2214 2215 2234 2236 2245 2246 2248 2250 2251 
0
0
FIXED_Z
0
1
107
32 35 36 39 40 43 45 46 47 48 51 52 53 54 57 59 62 64 65 69 70 219 224 227 232 236 237 238 241 243 244 245 719 720 721 970 972 974 999 1078 1094 1095 1098 1099 1173 1318 1399 1518 1521 1524 1574 1577 1615 1616 1672 1673 1828 1829 1865 1867 1889 1904 1908 1909 1911 1913 1916 1917 1918 1920 1925 1927 1928 1930 1931 2267 2303 2430 2458 2460 2461 2494 2495 2506 2509 2510 2569 2572 2573 2574 2613 2629 2641 2665 2673 2674 2678 2687 2688 2691 2697 2699 2703 2704 2707 2709 2710 
0
0
LOAD_X
0
1
124
21 22 25 42 49 61 80 82 88 108 111 118 119 124 141 144 147 157 158 179 181 187 230 239 246 257 260 263 279 282 297 303 304 311 327 347 351 595 596 597 606 665 763 767 888 1058 1066 1106 1208 1211 1498 1500 1519 1536 1617 1618 1623 1625 1626 1641 1771 1772 1777 1804 1806 1807 1810 1817 1844 1846 1849 1851 1858 1868 1869 1890 1891 1893 1894 1895 1901 2016 2018 2081 2122 2123 2124 2132 2136 2140 2156 2163 2174 2175 2177 2239 2241 2329 2356 2382 2571 2590 2600 2603 2632 2633 2635 2636 2647 2653 2654 2655 2656 2666 2668 2672 2675 2677 2680 2692 2693 2694 2705 2706 
0
0
0
0
0
